#
# A fatal error has been detected by the Java Runtime Environment:
#
#  SIGSEGV (0xb) at pc=0x00007f7d20c52d80, pid=13383, tid=0x00007f7d047a1700
#
# JRE version: Java(TM) SE Runtime Environment (8.0_101-b13) (build 1.8.0_101-b13)
# Java VM: Java HotSpot(TM) 64-Bit Server VM (25.101-b13 mixed mode linux-amd64 compressed oops)
# Problematic frame:
# V  [libjvm.so+0x8acd80]  Method::checked_resolve_jmethod_id(_jmethodID*)+0x20
#
# Failed to write core dump. Core dumps have been disabled. To enable core dumping, try "ulimit -c unlimited" before starting Java again
#
# If you would like to submit a bug report, please visit:
#   http://bugreport.java.com/bugreport/crash.jsp
#

---------------  T H R E A D  ---------------

Current thread (0x00007f7d1c0c5000):  JavaThread "JDWP Transport Listener: dt_socket" daemon [_thread_in_vm, id=13398, stack(0x00007f7d046a1000,0x00007f7d047a2000)]

siginfo: si_signo: 11 (SIGSEGV), si_code: 1 (SEGV_MAPERR), si_addr: 0x0000003b00005d30

Registers:
RAX=0x0000000000000001, RBX=0x00007f7d1c003c20, RCX=0x00007f7d21d8f2c0, RDX=0x00007f7d21367e80
RSP=0x00007f7d047a06d0, RBP=0x00007f7d047a06e0, RSI=0x00007f7d1c0c5000, RDI=0x0000003b00005d30
R8 =0x00007f7ce40095c0, R9 =0x0000000000000000, R10=0x00007f7ce40095b0, R11=0x00007f7d2151b128
R12=0x0000000000000017, R13=0x0000003b00005d30, R14=0x00007f7d1c0c5000, R15=0x00007f7d047a07e7
RIP=0x00007f7d20c52d80, EFLAGS=0x0000000000010206, CSGSFS=0x0000000000000033, ERR=0x0000000000000004
  TRAPNO=0x000000000000000e

Top of Stack: (sp=0x00007f7d047a06d0)
0x00007f7d047a06d0:   0000000000000074 00007f7d1c003c20
0x00007f7d047a06e0:   00007f7d047a0750 00007f7d20adfefe
0x00007f7d047a06f0:   00007f7d047a0710 00007f7d047a0700
0x00007f7d047a0700:   00007f7d1c0c5000 0000000000000000
0x00007f7d047a0710:   00007f7d00000000 0000000000000000
0x00007f7d047a0720:   00007f7d047a0740 00007f7d1b9bce40
0x00007f7d047a0730:   0000003b00005d30 00007f7d047a07e7
0x00007f7d047a0740:   0000000000000005 00007f7d047a07e7
0x00007f7d047a0750:   00007f7d047a0780 00007f7d1b7a88c2
0x00007f7d047a0760:   00007f7d047a0780 0000003b00005d30
0x00007f7d047a0770:   00007f7d047a0850 0000000000000028
0x00007f7d047a0780:   00007f7d047a0810 00007f7d1b789aa0
0x00007f7d047a0790:   00007f7d047a07c8 00007f7d047a07c0
0x00007f7d047a07a0:   00007f7d047a07b8 00007f7d047a07dc
0x00007f7d047a07b0:   00000001e4007ca0 0000000000000000
0x00007f7d047a07c0:   0000000000000000 0000000000000000
0x00007f7d047a07d0:   00007f7ce40095e0 00000001047a0850
0x00007f7d047a07e0:   0000000000000006 0000000000000002
0x00007f7d047a07f0:   000000000000000f 0000000000000002
0x00007f7d047a0800:   00000000000f0200 000000000000000f
0x00007f7d047a0810:   00007f7d047a0a60 00007f7d1b7949c6
0x00007f7d047a0820:   00000c6700000013 00007f7d200f0200
0x00007f7d047a0830:   00007f7cdc000ba0 0000000000000000
0x00007f7d047a0840:   00007f7d047a0850 00007f7d047a09e0
0x00007f7d047a0850:   00007f7ce400a4d1 00007f7d00000227
0x00007f7d047a0860:   00007f7ce400a700 000000000000012c
0x00007f7d047a0870:   00007f7d047a08a0 00007f7ce400a700
0x00007f7d047a0880:   00007f0000000000 00000c670000000f
0x00007f7d047a0890:   00007f7d00000980 00007f7d047a08a0
0x00007f7d047a08a0:   7c7f000006000000 16000000308500e4
0x00007f7d047a08b0:   62246164626d616c 6f72506c68617a65
0x00007f7d047a08c0:   000030247373657a 6b6172704c282700 

Instructions: (pc=0x00007f7d20c52d80)
0x00007f7d20c52d60:   55 48 89 e5 53 48 83 ec 08 48 85 ff 75 12 31 db
0x00007f7d20c52d70:   48 89 d8 48 83 c4 08 5b c9 c3 66 0f 1f 44 00 00
0x00007f7d20c52d80:   48 8b 1f 48 85 db 74 e6 48 83 fb 37 74 e0 48 8b
0x00007f7d20c52d90:   03 48 89 df ff 50 10 84 c0 0f 1f 80 00 00 00 00 

Register to memory mapping:

RAX=0x0000000000000001 is an unknown value
RBX=0x00007f7d1c003c20 is an unknown value
RCX=0x00007f7d21d8f2c0: <offset 0x2182c0> in /lib/x86_64-linux-gnu/libpthread.so.0 at 0x00007f7d21b77000
RDX=0x00007f7d21367e80: <offset 0xfc1e80> in /opt/java/jdk1.8.0_101/jre/lib/amd64/server/libjvm.so at 0x00007f7d203a6000
RSP=0x00007f7d047a06d0 is pointing into the stack for thread: 0x00007f7d1c0c5000
RBP=0x00007f7d047a06e0 is pointing into the stack for thread: 0x00007f7d1c0c5000
RSI=0x00007f7d1c0c5000 is a thread
RDI=0x0000003b00005d30 is an unknown value
R8 =0x00007f7ce40095c0 is an unknown value
R9 =0x0000000000000000 is an unknown value
R10=0x00007f7ce40095b0 is an unknown value
R11=0x00007f7d2151b128: <offset 0x187128> in /lib/x86_64-linux-gnu/libc.so.6 at 0x00007f7d21394000
R12=0x0000000000000017 is an unknown value
R13=0x0000003b00005d30 is an unknown value
R14=0x00007f7d1c0c5000 is a thread
R15=0x00007f7d047a07e7 is pointing into the stack for thread: 0x00007f7d1c0c5000


Stack: [0x00007f7d046a1000,0x00007f7d047a2000],  sp=0x00007f7d047a06d0,  free space=1021k
Native frames: (J=compiled Java code, j=interpreted, Vv=VM code, C=native code)
V  [libjvm.so+0x8acd80]  Method::checked_resolve_jmethod_id(_jmethodID*)+0x20
V  [libjvm.so+0x739efe]  jvmti_IsMethodSynthetic+0x2be
C  [libjdwp.so+0x258c2]  isMethodSynthetic+0x42
C  [libjdwp.so+0x6aa0]  methods1+0x1b0
C  [libjdwp.so+0x119c6]  debugLoop_run+0x2b6
C  [libjdwp.so+0x247ff]  attachThread+0x2f
V  [libjvm.so+0x7a63e2]  JvmtiAgentThread::call_start_function()+0xc2
V  [libjvm.so+0xa7343f]  JavaThread::thread_main_inner()+0xdf
V  [libjvm.so+0xa7356c]  JavaThread::run()+0x11c
V  [libjvm.so+0x924698]  java_start(Thread*)+0x108
C  [libpthread.so.0+0x770a]  start_thread+0xca


---------------  P R O C E S S  ---------------

Java Threads: ( => current thread )
  0x00007f7cc0012800 JavaThread "Student 10" daemon [_thread_in_Java, id=13417, stack(0x00007f7ccf3f4000,0x00007f7ccf4f5000)]
  0x00007f7cc0010800 JavaThread "Student 9" daemon [_thread_blocked, id=13416, stack(0x00007f7ccf4f5000,0x00007f7ccf5f6000)]
  0x00007f7cc000e800 JavaThread "Student 8" daemon [_thread_blocked, id=13415, stack(0x00007f7ccf5f6000,0x00007f7ccf6f7000)]
  0x00007f7cc000c800 JavaThread "Student 7" daemon [_thread_blocked, id=13414, stack(0x00007f7ccf6f7000,0x00007f7ccf7f8000)]
  0x00007f7cc000b000 JavaThread "Student 6" daemon [_thread_blocked, id=13413, stack(0x00007f7ccf7f8000,0x00007f7ccf8f9000)]
  0x00007f7cc0009000 JavaThread "Student 5" daemon [_thread_blocked, id=13412, stack(0x00007f7ccf8f9000,0x00007f7ccf9fa000)]
  0x00007f7cc0007800 JavaThread "Student 4" daemon [_thread_blocked, id=13411, stack(0x00007f7ccf9fa000,0x00007f7ccfafb000)]
  0x00007f7cc0005800 JavaThread "Student 3" daemon [_thread_in_Java, id=13410, stack(0x00007f7ccfafb000,0x00007f7ccfbfc000)]
  0x00007f7cc0004000 JavaThread "Student 2" daemon [_thread_blocked, id=13409, stack(0x00007f7ccfbfc000,0x00007f7ccfcfd000)]
  0x00007f7cc0002800 JavaThread "Student 1" daemon [_thread_blocked, id=13408, stack(0x00007f7ccfcfd000,0x00007f7ccfdfe000)]
  0x00007f7d1c00c800 JavaThread "DestroyJavaVM" [_thread_blocked, id=13386, stack(0x00007f7d21e8b000,0x00007f7d21f8c000)]
  0x00007f7d1c137000 JavaThread "Thread-0" [_thread_blocked, id=13407, stack(0x00007f7ccfdfe000,0x00007f7ccfeff000)]
  0x00007f7d1c0d3800 JavaThread "Service Thread" daemon [_thread_blocked, id=13405, stack(0x00007f7d0409b000,0x00007f7d0419c000)]
  0x00007f7d1c0cf800 JavaThread "C1 CompilerThread2" daemon [_thread_blocked, id=13404, stack(0x00007f7d0419c000,0x00007f7d0429d000)]
  0x00007f7d1c0cd800 JavaThread "C2 CompilerThread1" daemon [_thread_blocked, id=13403, stack(0x00007f7d0429d000,0x00007f7d0439e000)]
  0x00007f7d1c0cb000 JavaThread "C2 CompilerThread0" daemon [_thread_blocked, id=13402, stack(0x00007f7d0439e000,0x00007f7d0449f000)]
  0x00007f7ce4001000 JavaThread "JDWP Command Reader" daemon [_thread_in_native, id=13401, stack(0x00007f7d0449f000,0x00007f7d045a0000)]
  0x00007f7d1c0c8800 JavaThread "JDWP Event Helper Thread" daemon [_thread_blocked, id=13400, stack(0x00007f7d045a0000,0x00007f7d046a1000)]
=>0x00007f7d1c0c5000 JavaThread "JDWP Transport Listener: dt_socket" daemon [_thread_in_vm, id=13398, stack(0x00007f7d046a1000,0x00007f7d047a2000)]
  0x00007f7d1c0b8800 JavaThread "Signal Dispatcher" daemon [_thread_blocked, id=13396, stack(0x00007f7d049a6000,0x00007f7d04aa7000)]
  0x00007f7d1c086800 JavaThread "Finalizer" daemon [_thread_blocked, id=13395, stack(0x00007f7d04aa7000,0x00007f7d04ba8000)]
  0x00007f7d1c082000 JavaThread "Reference Handler" daemon [_thread_blocked, id=13392, stack(0x00007f7d04ba8000,0x00007f7d04ca9000)]

Other Threads:
  0x00007f7d1c07a800 VMThread [stack: 0x00007f7d04ca9000,0x00007f7d04daa000] [id=13391]
  0x00007f7d1c0d6000 WatcherThread [stack: 0x00007f7ccfeff000,0x00007f7cd0000000] [id=13406]

VM state:not at safepoint (normal execution)

VM Mutex/Monitor currently owned by a thread: None

Heap:
 PSYoungGen      total 36864K, used 10160K [0x00000000d7000000, 0x00000000d9900000, 0x0000000100000000)
  eden space 31744K, 32% used [0x00000000d7000000,0x00000000d79ec058,0x00000000d8f00000)
  from space 5120K, 0% used [0x00000000d9400000,0x00000000d9400000,0x00000000d9900000)
  to   space 5120K, 0% used [0x00000000d8f00000,0x00000000d8f00000,0x00000000d9400000)
 ParOldGen       total 84992K, used 0K [0x0000000085000000, 0x000000008a300000, 0x00000000d7000000)
  object space 84992K, 0% used [0x0000000085000000,0x0000000085000000,0x000000008a300000)
 Metaspace       used 3904K, capacity 4788K, committed 4864K, reserved 1056768K
  class space    used 447K, capacity 497K, committed 512K, reserved 1048576K

Card table byte_map: [0x00007f7d0af30000,0x00007f7d0b309000] byte_map_base: 0x00007f7d0ab08000

Marking Bits: (ParMarkBitMap*) 0x00007f7d21367120
 Begin Bits: [0x00007f7d06b1c000, 0x00007f7d089dc000)
 End Bits:   [0x00007f7d089dc000, 0x00007f7d0a89c000)

Polling page: 0x00007f7d21fb6000

CodeCache: size=245760Kb used=1563Kb max_used=1563Kb free=244196Kb
 bounds [0x00007f7d0b6c9000, 0x00007f7d0b939000, 0x00007f7d1a6c9000]
 total_blobs=505 nmethods=259 adapters=168
 compilation: enabled

Compilation events (10 events):
Event: 46,099 Thread 0x00007f7d1c0cf800  255       3       sun.nio.cs.StreamEncoder::implWrite (156 bytes)
Event: 46,100 Thread 0x00007f7d1c0cf800 nmethod 255 0x00007f7d0b84ac50 code [0x00007f7d0b84aec0, 0x00007f7d0b84bd68]
Event: 46,100 Thread 0x00007f7d1c0cf800  256   !   3       java.nio.charset.CharsetEncoder::encode (285 bytes)
Event: 46,103 Thread 0x00007f7d1c0cf800 nmethod 256 0x00007f7d0b84c710 code [0x00007f7d0b84ca00, 0x00007f7d0b84e038]
Event: 46,103 Thread 0x00007f7d1c0cf800  257       3       sun.nio.cs.UTF_8$Encoder::encodeLoop (28 bytes)
Event: 46,104 Thread 0x00007f7d1c0cf800 nmethod 257 0x00007f7d0b84e9d0 code [0x00007f7d0b84eb80, 0x00007f7d0b84f0d8]
Event: 46,104 Thread 0x00007f7d1c0cf800  258       3       java.io.OutputStreamWriter::flushBuffer (8 bytes)
Event: 46,104 Thread 0x00007f7d1c0cf800 nmethod 258 0x00007f7d0b84f250 code [0x00007f7d0b84f3c0, 0x00007f7d0b84f568]
Event: 614,075 Thread 0x00007f7d1c0cf800  259   !   3       sun.nio.cs.StreamEncoder::write (78 bytes)
Event: 614,075 Thread 0x00007f7d1c0cf800 nmethod 259 0x00007f7d0b84f610 code [0x00007f7d0b84f7e0, 0x00007f7d0b84ff08]

GC Heap History (0 events):
No events

Deoptimization events (0 events):
No events

Internal exceptions (4 events):
Event: 0,066 Thread 0x00007f7d1c00c800 Exception <a 'java/lang/NoSuchMethodError': Method sun.misc.Unsafe.defineClass(Ljava/lang/String;[BII)Ljava/lang/Class; name or signature does not match> (0x00000000d7007cc0) thrown at [/HUDSON3/workspace/8-2-build-linux-amd64/jdk8u101/7261/hotspot/src/sh
Event: 0,066 Thread 0x00007f7d1c00c800 Exception <a 'java/lang/NoSuchMethodError': Method sun.misc.Unsafe.prefetchRead(Ljava/lang/Object;J)V name or signature does not match> (0x00000000d7007fa8) thrown at [/HUDSON3/workspace/8-2-build-linux-amd64/jdk8u101/7261/hotspot/src/share/vm/prims/jni.c
Event: 0,502 Thread 0x00007f7cc0012800 Exception <a 'java/lang/NoSuchFieldError': method resolution failed> (0x00000000d792e5e8) thrown at [/HUDSON3/workspace/8-2-build-linux-amd64/jdk8u101/7261/hotspot/src/share/vm/prims/methodHandles.cpp, line 1146]
Event: 0,513 Thread 0x00007f7cc0012800 Exception <a 'java/lang/NoSuchFieldError': method resolution failed> (0x00000000d793b9e8) thrown at [/HUDSON3/workspace/8-2-build-linux-amd64/jdk8u101/7261/hotspot/src/share/vm/prims/methodHandles.cpp, line 1146]

Events (10 events):
Event: 613,946 Executing VM operation: GetOrSetLocal
Event: 613,946 Executing VM operation: GetOrSetLocal done
Event: 614,074 loading class praktikum3/Kasse
Event: 614,074 loading class praktikum3/Kasse done
Event: 614,074 Executing VM operation: ForceSafepoint
Event: 614,074 Executing VM operation: ForceSafepoint done
Event: 614,078 Executing VM operation: ForceSafepoint
Event: 614,078 Executing VM operation: ForceSafepoint done
Event: 614,086 Executing VM operation: ForceSafepoint
Event: 614,087 Executing VM operation: ForceSafepoint done


Dynamic libraries:
00400000-00401000 r-xp 00000000 08:05 318171                             /opt/java/jdk1.8.0_101/bin/java
00600000-00601000 rw-p 00000000 08:05 318171                             /opt/java/jdk1.8.0_101/bin/java
00d25000-00d46000 rw-p 00000000 00:00 0                                  [heap]
85000000-8a300000 rw-p 00000000 00:00 0 
8a300000-d7000000 ---p 00000000 00:00 0 
d7000000-d9900000 rw-p 00000000 00:00 0 
d9900000-100000000 ---p 00000000 00:00 0 
100000000-100080000 rw-p 00000000 00:00 0 
100080000-140000000 ---p 00000000 00:00 0 
7f7c94000000-7f7c94021000 rw-p 00000000 00:00 0 
7f7c94021000-7f7c98000000 ---p 00000000 00:00 0 
7f7c98000000-7f7c9804e000 rw-p 00000000 00:00 0 
7f7c9804e000-7f7c9c000000 ---p 00000000 00:00 0 
7f7c9c000000-7f7c9c021000 rw-p 00000000 00:00 0 
7f7c9c021000-7f7ca0000000 ---p 00000000 00:00 0 
7f7ca0000000-7f7ca0021000 rw-p 00000000 00:00 0 
7f7ca0021000-7f7ca4000000 ---p 00000000 00:00 0 
7f7ca4000000-7f7ca4021000 rw-p 00000000 00:00 0 
7f7ca4021000-7f7ca8000000 ---p 00000000 00:00 0 
7f7ca8000000-7f7ca8021000 rw-p 00000000 00:00 0 
7f7ca8021000-7f7cac000000 ---p 00000000 00:00 0 
7f7cac000000-7f7cac021000 rw-p 00000000 00:00 0 
7f7cac021000-7f7cb0000000 ---p 00000000 00:00 0 
7f7cb0000000-7f7cb0021000 rw-p 00000000 00:00 0 
7f7cb0021000-7f7cb4000000 ---p 00000000 00:00 0 
7f7cb4000000-7f7cb4021000 rw-p 00000000 00:00 0 
7f7cb4021000-7f7cb8000000 ---p 00000000 00:00 0 
7f7cb8000000-7f7cb8021000 rw-p 00000000 00:00 0 
7f7cb8021000-7f7cbc000000 ---p 00000000 00:00 0 
7f7cbc000000-7f7cbc021000 rw-p 00000000 00:00 0 
7f7cbc021000-7f7cc0000000 ---p 00000000 00:00 0 
7f7cc0000000-7f7cc0021000 rw-p 00000000 00:00 0 
7f7cc0021000-7f7cc4000000 ---p 00000000 00:00 0 
7f7cc4000000-7f7cc4021000 rw-p 00000000 00:00 0 
7f7cc4021000-7f7cc8000000 ---p 00000000 00:00 0 
7f7cc8000000-7f7cc825c000 rw-p 00000000 00:00 0 
7f7cc825c000-7f7ccc000000 ---p 00000000 00:00 0 
7f7ccf16d000-7f7ccf3f4000 rw-p 00000000 00:00 0 
7f7ccf3f4000-7f7ccf3f7000 ---p 00000000 00:00 0 
7f7ccf3f7000-7f7ccf4f5000 rw-p 00000000 00:00 0 
7f7ccf4f5000-7f7ccf4f8000 ---p 00000000 00:00 0 
7f7ccf4f8000-7f7ccf5f6000 rw-p 00000000 00:00 0 
7f7ccf5f6000-7f7ccf5f9000 ---p 00000000 00:00 0 
7f7ccf5f9000-7f7ccf6f7000 rw-p 00000000 00:00 0 
7f7ccf6f7000-7f7ccf6fa000 ---p 00000000 00:00 0 
7f7ccf6fa000-7f7ccf7f8000 rw-p 00000000 00:00 0 
7f7ccf7f8000-7f7ccf7fb000 ---p 00000000 00:00 0 
7f7ccf7fb000-7f7ccf8f9000 rw-p 00000000 00:00 0 
7f7ccf8f9000-7f7ccf8fc000 ---p 00000000 00:00 0 
7f7ccf8fc000-7f7ccf9fa000 rw-p 00000000 00:00 0 
7f7ccf9fa000-7f7ccf9fd000 ---p 00000000 00:00 0 
7f7ccf9fd000-7f7ccfafb000 rw-p 00000000 00:00 0 
7f7ccfafb000-7f7ccfafe000 ---p 00000000 00:00 0 
7f7ccfafe000-7f7ccfbfc000 rw-p 00000000 00:00 0 
7f7ccfbfc000-7f7ccfbff000 ---p 00000000 00:00 0 
7f7ccfbff000-7f7ccfcfd000 rw-p 00000000 00:00 0 
7f7ccfcfd000-7f7ccfd00000 ---p 00000000 00:00 0 
7f7ccfd00000-7f7ccfdfe000 rw-p 00000000 00:00 0 
7f7ccfdfe000-7f7ccfe01000 ---p 00000000 00:00 0 
7f7ccfe01000-7f7ccfeff000 rw-p 00000000 00:00 0 
7f7ccfeff000-7f7ccff00000 ---p 00000000 00:00 0 
7f7ccff00000-7f7cd0000000 rw-p 00000000 00:00 0 
7f7cd0000000-7f7cd008b000 rw-p 00000000 00:00 0 
7f7cd008b000-7f7cd4000000 ---p 00000000 00:00 0 
7f7cd4000000-7f7cd4024000 rw-p 00000000 00:00 0 
7f7cd4024000-7f7cd8000000 ---p 00000000 00:00 0 
7f7cd8000000-7f7cd8021000 rw-p 00000000 00:00 0 
7f7cd8021000-7f7cdc000000 ---p 00000000 00:00 0 
7f7cdc000000-7f7cdc021000 rw-p 00000000 00:00 0 
7f7cdc021000-7f7ce0000000 ---p 00000000 00:00 0 
7f7ce0000000-7f7ce0021000 rw-p 00000000 00:00 0 
7f7ce0021000-7f7ce4000000 ---p 00000000 00:00 0 
7f7ce4000000-7f7ce402c000 rw-p 00000000 00:00 0 
7f7ce402c000-7f7ce8000000 ---p 00000000 00:00 0 
7f7ce8000000-7f7ce8021000 rw-p 00000000 00:00 0 
7f7ce8021000-7f7cec000000 ---p 00000000 00:00 0 
7f7cec000000-7f7cec021000 rw-p 00000000 00:00 0 
7f7cec021000-7f7cf0000000 ---p 00000000 00:00 0 
7f7cf0000000-7f7cf0021000 rw-p 00000000 00:00 0 
7f7cf0021000-7f7cf4000000 ---p 00000000 00:00 0 
7f7cf4000000-7f7cf4021000 rw-p 00000000 00:00 0 
7f7cf4021000-7f7cf8000000 ---p 00000000 00:00 0 
7f7cf8000000-7f7cf8021000 rw-p 00000000 00:00 0 
7f7cf8021000-7f7cfc000000 ---p 00000000 00:00 0 
7f7cfc000000-7f7cfc021000 rw-p 00000000 00:00 0 
7f7cfc021000-7f7d00000000 ---p 00000000 00:00 0 
7f7d00000000-7f7d00021000 rw-p 00000000 00:00 0 
7f7d00021000-7f7d04000000 ---p 00000000 00:00 0 
7f7d0405a000-7f7d0406d000 r--s 00345000 08:05 20829                      /opt/java/jdk1.8.0_101/jre/lib/resources.jar
7f7d0406d000-7f7d04080000 r--s 000d6000 08:05 20828                      /opt/java/jdk1.8.0_101/jre/lib/plugin.jar
7f7d04080000-7f7d0409b000 r--s 00208000 08:05 20824                      /opt/java/jdk1.8.0_101/jre/lib/deploy.jar
7f7d0409b000-7f7d0409e000 ---p 00000000 00:00 0 
7f7d0409e000-7f7d0419c000 rw-p 00000000 00:00 0 
7f7d0419c000-7f7d0419f000 ---p 00000000 00:00 0 
7f7d0419f000-7f7d0429d000 rw-p 00000000 00:00 0 
7f7d0429d000-7f7d042a0000 ---p 00000000 00:00 0 
7f7d042a0000-7f7d0439e000 rw-p 00000000 00:00 0 
7f7d0439e000-7f7d043a1000 ---p 00000000 00:00 0 
7f7d043a1000-7f7d0449f000 rw-p 00000000 00:00 0 
7f7d0449f000-7f7d044a2000 ---p 00000000 00:00 0 
7f7d044a2000-7f7d045a0000 rw-p 00000000 00:00 0 
7f7d045a0000-7f7d045a3000 ---p 00000000 00:00 0 
7f7d045a3000-7f7d046a1000 rw-p 00000000 00:00 0 
7f7d046a1000-7f7d046a4000 ---p 00000000 00:00 0 
7f7d046a4000-7f7d047a2000 rw-p 00000000 00:00 0 
7f7d047a2000-7f7d047a6000 r-xp 00000000 08:05 20898                      /opt/java/jdk1.8.0_101/jre/lib/amd64/libdt_socket.so
7f7d047a6000-7f7d049a5000 ---p 00004000 08:05 20898                      /opt/java/jdk1.8.0_101/jre/lib/amd64/libdt_socket.so
7f7d049a5000-7f7d049a6000 rw-p 00003000 08:05 20898                      /opt/java/jdk1.8.0_101/jre/lib/amd64/libdt_socket.so
7f7d049a6000-7f7d049a9000 ---p 00000000 00:00 0 
7f7d049a9000-7f7d04aa7000 rw-p 00000000 00:00 0 
7f7d04aa7000-7f7d04aaa000 ---p 00000000 00:00 0 
7f7d04aaa000-7f7d04ba8000 rw-p 00000000 00:00 0 
7f7d04ba8000-7f7d04bab000 ---p 00000000 00:00 0 
7f7d04bab000-7f7d04ca9000 rw-p 00000000 00:00 0 
7f7d04ca9000-7f7d04caa000 ---p 00000000 00:00 0 
7f7d04caa000-7f7d05d6b000 rw-p 00000000 00:00 0 
7f7d05d6b000-7f7d05f44000 r--s 03d29000 08:05 20810                      /opt/java/jdk1.8.0_101/jre/lib/rt.jar
7f7d05f44000-7f7d06384000 rw-p 00000000 00:00 0 
7f7d06384000-7f7d06744000 ---p 00000000 00:00 0 
7f7d06744000-7f7d0a89c000 rw-p 00000000 00:00 0 
7f7d0a89c000-7f7d0a89d000 ---p 00000000 00:00 0 
7f7d0a89d000-7f7d0a99d000 rw-p 00000000 00:00 0 
7f7d0a99d000-7f7d0a99e000 ---p 00000000 00:00 0 
7f7d0a99e000-7f7d0aa9e000 rw-p 00000000 00:00 0 
7f7d0aa9e000-7f7d0aa9f000 ---p 00000000 00:00 0 
7f7d0aa9f000-7f7d0ab9f000 rw-p 00000000 00:00 0 
7f7d0ab9f000-7f7d0aba0000 ---p 00000000 00:00 0 
7f7d0aba0000-7f7d0acca000 rw-p 00000000 00:00 0 
7f7d0acca000-7f7d0af30000 ---p 00000000 00:00 0 
7f7d0af30000-7f7d0af5a000 rw-p 00000000 00:00 0 
7f7d0af5a000-7f7d0b1c0000 ---p 00000000 00:00 0 
7f7d0b1c0000-7f7d0b1d5000 rw-p 00000000 00:00 0 
7f7d0b1d5000-7f7d0b308000 ---p 00000000 00:00 0 
7f7d0b308000-7f7d0b313000 rw-p 00000000 00:00 0 
7f7d0b313000-7f7d0b6c9000 ---p 00000000 00:00 0 
7f7d0b6c9000-7f7d0b939000 rwxp 00000000 00:00 0 
7f7d0b939000-7f7d1a6c9000 ---p 00000000 00:00 0 
7f7d1a6c9000-7f7d1a6e3000 r-xp 00000000 08:05 20882                      /opt/java/jdk1.8.0_101/jre/lib/amd64/libzip.so
7f7d1a6e3000-7f7d1a8e3000 ---p 0001a000 08:05 20882                      /opt/java/jdk1.8.0_101/jre/lib/amd64/libzip.so
7f7d1a8e3000-7f7d1a8e4000 rw-p 0001a000 08:05 20882                      /opt/java/jdk1.8.0_101/jre/lib/amd64/libzip.so
7f7d1a8e4000-7f7d1a8ef000 r-xp 00000000 08:05 141315                     /lib/x86_64-linux-gnu/libnss_files-2.23.so
7f7d1a8ef000-7f7d1aaee000 ---p 0000b000 08:05 141315                     /lib/x86_64-linux-gnu/libnss_files-2.23.so
7f7d1aaee000-7f7d1aaef000 r--p 0000a000 08:05 141315                     /lib/x86_64-linux-gnu/libnss_files-2.23.so
7f7d1aaef000-7f7d1aaf0000 rw-p 0000b000 08:05 141315                     /lib/x86_64-linux-gnu/libnss_files-2.23.so
7f7d1aaf0000-7f7d1aaf6000 rw-p 00000000 00:00 0 
7f7d1aaf6000-7f7d1ab01000 r-xp 00000000 08:05 141303                     /lib/x86_64-linux-gnu/libnss_nis-2.23.so
7f7d1ab01000-7f7d1ad00000 ---p 0000b000 08:05 141303                     /lib/x86_64-linux-gnu/libnss_nis-2.23.so
7f7d1ad00000-7f7d1ad01000 r--p 0000a000 08:05 141303                     /lib/x86_64-linux-gnu/libnss_nis-2.23.so
7f7d1ad01000-7f7d1ad02000 rw-p 0000b000 08:05 141303                     /lib/x86_64-linux-gnu/libnss_nis-2.23.so
7f7d1ad02000-7f7d1ad18000 r-xp 00000000 08:05 141295                     /lib/x86_64-linux-gnu/libnsl-2.23.so
7f7d1ad18000-7f7d1af17000 ---p 00016000 08:05 141295                     /lib/x86_64-linux-gnu/libnsl-2.23.so
7f7d1af17000-7f7d1af18000 r--p 00015000 08:05 141295                     /lib/x86_64-linux-gnu/libnsl-2.23.so
7f7d1af18000-7f7d1af19000 rw-p 00016000 08:05 141295                     /lib/x86_64-linux-gnu/libnsl-2.23.so
7f7d1af19000-7f7d1af1b000 rw-p 00000000 00:00 0 
7f7d1af1b000-7f7d1af23000 r-xp 00000000 08:05 141151                     /lib/x86_64-linux-gnu/libnss_compat-2.23.so
7f7d1af23000-7f7d1b122000 ---p 00008000 08:05 141151                     /lib/x86_64-linux-gnu/libnss_compat-2.23.so
7f7d1b122000-7f7d1b123000 r--p 00007000 08:05 141151                     /lib/x86_64-linux-gnu/libnss_compat-2.23.so
7f7d1b123000-7f7d1b124000 rw-p 00008000 08:05 141151                     /lib/x86_64-linux-gnu/libnss_compat-2.23.so
7f7d1b124000-7f7d1b580000 r--p 00000000 08:05 919604                     /usr/lib/locale/locale-archive
7f7d1b580000-7f7d1b582000 r-xp 00000000 08:05 20890                      /opt/java/jdk1.8.0_101/jre/lib/amd64/libnpt.so
7f7d1b582000-7f7d1b782000 ---p 00002000 08:05 20890                      /opt/java/jdk1.8.0_101/jre/lib/amd64/libnpt.so
7f7d1b782000-7f7d1b783000 rw-p 00002000 08:05 20890                      /opt/java/jdk1.8.0_101/jre/lib/amd64/libnpt.so
7f7d1b783000-7f7d1b7bc000 r-xp 00000000 08:05 20858                      /opt/java/jdk1.8.0_101/jre/lib/amd64/libjdwp.so
7f7d1b7bc000-7f7d1b9bb000 ---p 00039000 08:05 20858                      /opt/java/jdk1.8.0_101/jre/lib/amd64/libjdwp.so
7f7d1b9bb000-7f7d1b9bd000 rw-p 00038000 08:05 20858                      /opt/java/jdk1.8.0_101/jre/lib/amd64/libjdwp.so
7f7d1b9bd000-7f7d1b9e7000 r-xp 00000000 08:05 20906                      /opt/java/jdk1.8.0_101/jre/lib/amd64/libjava.so
7f7d1b9e7000-7f7d1bbe7000 ---p 0002a000 08:05 20906                      /opt/java/jdk1.8.0_101/jre/lib/amd64/libjava.so
7f7d1bbe7000-7f7d1bbe9000 rw-p 0002a000 08:05 20906                      /opt/java/jdk1.8.0_101/jre/lib/amd64/libjava.so
7f7d1bbe9000-7f7d1bbf6000 r-xp 00000000 08:05 20862                      /opt/java/jdk1.8.0_101/jre/lib/amd64/libverify.so
7f7d1bbf6000-7f7d1bdf6000 ---p 0000d000 08:05 20862                      /opt/java/jdk1.8.0_101/jre/lib/amd64/libverify.so
7f7d1bdf6000-7f7d1bdf8000 rw-p 0000d000 08:05 20862                      /opt/java/jdk1.8.0_101/jre/lib/amd64/libverify.so
7f7d1bdf8000-7f7d1bdff000 r-xp 00000000 08:05 143262                     /lib/x86_64-linux-gnu/librt-2.23.so
7f7d1bdff000-7f7d1bffe000 ---p 00007000 08:05 143262                     /lib/x86_64-linux-gnu/librt-2.23.so
7f7d1bffe000-7f7d1bfff000 r--p 00006000 08:05 143262                     /lib/x86_64-linux-gnu/librt-2.23.so
7f7d1bfff000-7f7d1c000000 rw-p 00007000 08:05 143262                     /lib/x86_64-linux-gnu/librt-2.23.so
7f7d1c000000-7f7d1c139000 rw-p 00000000 00:00 0 
7f7d1c139000-7f7d20000000 ---p 00000000 00:00 0 
7f7d20006000-7f7d2009d000 rw-p 00000000 00:00 0 
7f7d2009d000-7f7d201a5000 r-xp 00000000 08:05 143250                     /lib/x86_64-linux-gnu/libm-2.23.so
7f7d201a5000-7f7d203a4000 ---p 00108000 08:05 143250                     /lib/x86_64-linux-gnu/libm-2.23.so
7f7d203a4000-7f7d203a5000 r--p 00107000 08:05 143250                     /lib/x86_64-linux-gnu/libm-2.23.so
7f7d203a5000-7f7d203a6000 rw-p 00108000 08:05 143250                     /lib/x86_64-linux-gnu/libm-2.23.so
7f7d203a6000-7f7d21071000 r-xp 00000000 08:05 20918                      /opt/java/jdk1.8.0_101/jre/lib/amd64/server/libjvm.so
7f7d21071000-7f7d21270000 ---p 00ccb000 08:05 20918                      /opt/java/jdk1.8.0_101/jre/lib/amd64/server/libjvm.so
7f7d21270000-7f7d21349000 rw-p 00cca000 08:05 20918                      /opt/java/jdk1.8.0_101/jre/lib/amd64/server/libjvm.so
7f7d21349000-7f7d21394000 rw-p 00000000 00:00 0 
7f7d21394000-7f7d21553000 r-xp 00000000 08:05 143283                     /lib/x86_64-linux-gnu/libc-2.23.so
7f7d21553000-7f7d21753000 ---p 001bf000 08:05 143283                     /lib/x86_64-linux-gnu/libc-2.23.so
7f7d21753000-7f7d21757000 r--p 001bf000 08:05 143283                     /lib/x86_64-linux-gnu/libc-2.23.so
7f7d21757000-7f7d21759000 rw-p 001c3000 08:05 143283                     /lib/x86_64-linux-gnu/libc-2.23.so
7f7d21759000-7f7d2175d000 rw-p 00000000 00:00 0 
7f7d2175d000-7f7d21760000 r-xp 00000000 08:05 143287                     /lib/x86_64-linux-gnu/libdl-2.23.so
7f7d21760000-7f7d2195f000 ---p 00003000 08:05 143287                     /lib/x86_64-linux-gnu/libdl-2.23.so
7f7d2195f000-7f7d21960000 r--p 00002000 08:05 143287                     /lib/x86_64-linux-gnu/libdl-2.23.so
7f7d21960000-7f7d21961000 rw-p 00003000 08:05 143287                     /lib/x86_64-linux-gnu/libdl-2.23.so
7f7d21961000-7f7d21976000 r-xp 00000000 08:05 20108                      /opt/java/jdk1.8.0_101/lib/amd64/jli/libjli.so
7f7d21976000-7f7d21b76000 ---p 00015000 08:05 20108                      /opt/java/jdk1.8.0_101/lib/amd64/jli/libjli.so
7f7d21b76000-7f7d21b77000 rw-p 00015000 08:05 20108                      /opt/java/jdk1.8.0_101/lib/amd64/jli/libjli.so
7f7d21b77000-7f7d21b8f000 r-xp 00000000 08:05 143279                     /lib/x86_64-linux-gnu/libpthread-2.23.so
7f7d21b8f000-7f7d21d8e000 ---p 00018000 08:05 143279                     /lib/x86_64-linux-gnu/libpthread-2.23.so
7f7d21d8e000-7f7d21d8f000 r--p 00017000 08:05 143279                     /lib/x86_64-linux-gnu/libpthread-2.23.so
7f7d21d8f000-7f7d21d90000 rw-p 00018000 08:05 143279                     /lib/x86_64-linux-gnu/libpthread-2.23.so
7f7d21d90000-7f7d21d94000 rw-p 00000000 00:00 0 
7f7d21d94000-7f7d21dba000 r-xp 00000000 08:05 143266                     /lib/x86_64-linux-gnu/ld-2.23.so
7f7d21dbf000-7f7d21dc0000 r--s 00000000 08:05 20815                      /opt/java/jdk1.8.0_101/jre/lib/management-agent.jar
7f7d21dc0000-7f7d21e8b000 rw-p 00000000 00:00 0 
7f7d21e8b000-7f7d21e8e000 ---p 00000000 00:00 0 
7f7d21e8e000-7f7d21f90000 rw-p 00000000 00:00 0 
7f7d21f90000-7f7d21f94000 r--s 00097000 08:05 20805                      /opt/java/jdk1.8.0_101/jre/lib/jsse.jar
7f7d21f94000-7f7d21f96000 r--s 00007000 08:05 20814                      /opt/java/jdk1.8.0_101/jre/lib/jfxswt.jar
7f7d21f96000-7f7d21f9b000 r--s 00084000 08:05 20821                      /opt/java/jdk1.8.0_101/jre/lib/jfr.jar
7f7d21f9b000-7f7d21f9e000 r--s 0001a000 08:05 20833                      /opt/java/jdk1.8.0_101/jre/lib/jce.jar
7f7d21f9e000-7f7d21fa8000 r--s 0006c000 08:05 20823                      /opt/java/jdk1.8.0_101/jre/lib/javaws.jar
7f7d21fa8000-7f7d21fad000 r--s 002f9000 08:05 20806                      /opt/java/jdk1.8.0_101/jre/lib/charsets.jar
7f7d21fad000-7f7d21fb5000 rw-s 00000000 08:05 786243                     /tmp/hsperfdata_talal/13383
7f7d21fb5000-7f7d21fb6000 rw-p 00000000 00:00 0 
7f7d21fb6000-7f7d21fb7000 r--p 00000000 00:00 0 
7f7d21fb7000-7f7d21fb9000 rw-p 00000000 00:00 0 
7f7d21fb9000-7f7d21fba000 r--p 00025000 08:05 143266                     /lib/x86_64-linux-gnu/ld-2.23.so
7f7d21fba000-7f7d21fbb000 rw-p 00026000 08:05 143266                     /lib/x86_64-linux-gnu/ld-2.23.so
7f7d21fbb000-7f7d21fbc000 rw-p 00000000 00:00 0 
7fff0ce8d000-7fff0ceae000 rw-p 00000000 00:00 0                          [stack]
7fff0cfad000-7fff0cfaf000 r--p 00000000 00:00 0                          [vvar]
7fff0cfaf000-7fff0cfb1000 r-xp 00000000 00:00 0                          [vdso]
ffffffffff600000-ffffffffff601000 r-xp 00000000 00:00 0                  [vsyscall]

VM Arguments:
jvm_args: -agentlib:jdwp=transport=dt_socket,address=127.0.0.1:37515,suspend=y,server=n -Dfile.encoding=UTF-8 
java_command: praktikum3.Mensa
java_class_path (initial): /opt/java/jdk1.8.0_101/jre/lib/charsets.jar:/opt/java/jdk1.8.0_101/jre/lib/deploy.jar:/opt/java/jdk1.8.0_101/jre/lib/ext/cldrdata.jar:/opt/java/jdk1.8.0_101/jre/lib/ext/dnsns.jar:/opt/java/jdk1.8.0_101/jre/lib/ext/jaccess.jar:/opt/java/jdk1.8.0_101/jre/lib/ext/jfxrt.jar:/opt/java/jdk1.8.0_101/jre/lib/ext/localedata.jar:/opt/java/jdk1.8.0_101/jre/lib/ext/nashorn.jar:/opt/java/jdk1.8.0_101/jre/lib/ext/sunec.jar:/opt/java/jdk1.8.0_101/jre/lib/ext/sunjce_provider.jar:/opt/java/jdk1.8.0_101/jre/lib/ext/sunpkcs11.jar:/opt/java/jdk1.8.0_101/jre/lib/ext/zipfs.jar:/opt/java/jdk1.8.0_101/jre/lib/javaws.jar:/opt/java/jdk1.8.0_101/jre/lib/jce.jar:/opt/java/jdk1.8.0_101/jre/lib/jfr.jar:/opt/java/jdk1.8.0_101/jre/lib/jfxswt.jar:/opt/java/jdk1.8.0_101/jre/lib/jsse.jar:/opt/java/jdk1.8.0_101/jre/lib/management-agent.jar:/opt/java/jdk1.8.0_101/jre/lib/plugin.jar:/opt/java/jdk1.8.0_101/jre/lib/resources.jar:/opt/java/jdk1.8.0_101/jre/lib/rt.jar:/home/talal/Dokumente/SpringProjects/Betriebsysteme/out/production/Betriebsysteme:/opt/idea-IC-162.2228.15/lib/idea_rt.jar
Launcher Type: SUN_STANDARD

Environment Variables:
PATH=/usr/local/sbin:/usr/local/bin:/usr/sbin:/usr/bin:/sbin:/bin:/usr/games:/usr/local/games:/opt/java/jdk1.8.0_101/
USERNAME=talal
LD_LIBRARY_PATH=/opt/idea-IC-162.2228.15/bin:
SHELL=/bin/bash
DISPLAY=:0

Signal Handlers:
SIGSEGV: [libjvm.so+0xac4790], sa_mask[0]=11111111011111111101111111111110, sa_flags=SA_RESTART|SA_SIGINFO
SIGBUS: [libjvm.so+0xac4790], sa_mask[0]=11111111011111111101111111111110, sa_flags=SA_RESTART|SA_SIGINFO
SIGFPE: [libjvm.so+0x91f140], sa_mask[0]=11111111011111111101111111111110, sa_flags=SA_RESTART|SA_SIGINFO
SIGPIPE: [libjvm.so+0x91f140], sa_mask[0]=11111111011111111101111111111110, sa_flags=SA_RESTART|SA_SIGINFO
SIGXFSZ: [libjvm.so+0x91f140], sa_mask[0]=11111111011111111101111111111110, sa_flags=SA_RESTART|SA_SIGINFO
SIGILL: [libjvm.so+0x91f140], sa_mask[0]=11111111011111111101111111111110, sa_flags=SA_RESTART|SA_SIGINFO
SIGUSR1: SIG_DFL, sa_mask[0]=00000000000000000000000000000000, sa_flags=none
SIGUSR2: [libjvm.so+0x920770], sa_mask[0]=00100000000000000000000000000000, sa_flags=SA_RESTART|SA_SIGINFO
SIGHUP: [libjvm.so+0x921b70], sa_mask[0]=11111111011111111101111111111110, sa_flags=SA_RESTART|SA_SIGINFO
SIGINT: [libjvm.so+0x921b70], sa_mask[0]=11111111011111111101111111111110, sa_flags=SA_RESTART|SA_SIGINFO
SIGTERM: [libjvm.so+0x921b70], sa_mask[0]=11111111011111111101111111111110, sa_flags=SA_RESTART|SA_SIGINFO
SIGQUIT: [libjvm.so+0x921b70], sa_mask[0]=11111111011111111101111111111110, sa_flags=SA_RESTART|SA_SIGINFO


---------------  S Y S T E M  ---------------

OS:DISTRIB_ID=LinuxMint
DISTRIB_RELEASE=18
DISTRIB_CODENAME=sarah
DISTRIB_DESCRIPTION="Linux Mint 18 Sarah"

uname:Linux 4.4.0-47-generic #68-Ubuntu SMP Wed Oct 26 19:39:52 UTC 2016 x86_64
libc:glibc 2.23 NPTL 2.23 
rlimit: STACK 8192k, CORE 0k, NPROC 31307, NOFILE 65536, AS infinity
load average:1,64 1,45 1,38

/proc/meminfo:
MemTotal:        8056640 kB
MemFree:          360136 kB
MemAvailable:    2942148 kB
Buffers:          177380 kB
Cached:          3301640 kB
SwapCached:            0 kB
Active:          5295824 kB
Inactive:        2086160 kB
Active(anon):    3913996 kB
Inactive(anon):   718896 kB
Active(file):    1381828 kB
Inactive(file):  1367264 kB
Unevictable:         360 kB
Mlocked:             360 kB
SwapTotal:             0 kB
SwapFree:              0 kB
Dirty:              5772 kB
Writeback:             0 kB
AnonPages:       3903332 kB
Mapped:           900540 kB
Shmem:            729932 kB
Slab:             182536 kB
SReclaimable:     112832 kB
SUnreclaim:        69704 kB
KernelStack:       14176 kB
PageTables:        57076 kB
NFS_Unstable:          0 kB
Bounce:                0 kB
WritebackTmp:          0 kB
CommitLimit:     4028320 kB
Committed_AS:   11269392 kB
VmallocTotal:   34359738367 kB
VmallocUsed:           0 kB
VmallocChunk:          0 kB
HardwareCorrupted:     0 kB
AnonHugePages:   1808384 kB
CmaTotal:              0 kB
CmaFree:               0 kB
HugePages_Total:       0
HugePages_Free:        0
HugePages_Rsvd:        0
HugePages_Surp:        0
Hugepagesize:       2048 kB
DirectMap4k:      199424 kB
DirectMap2M:     7022592 kB
DirectMap1G:     2097152 kB


CPU:total 4 (2 cores per cpu, 2 threads per core) family 6 model 69 stepping 1, cmov, cx8, fxsr, mmx, sse, sse2, sse3, ssse3, sse4.1, sse4.2, popcnt, avx, avx2, aes, clmul, erms, lzcnt, ht, tsc, tscinvbit, bmi1, bmi2

/proc/cpuinfo:
processor	: 0
vendor_id	: GenuineIntel
cpu family	: 6
model		: 69
model name	: Intel(R) Core(TM) i5-4200U CPU @ 1.60GHz
stepping	: 1
microcode	: 0x1d
cpu MHz		: 2299.910
cache size	: 3072 KB
physical id	: 0
siblings	: 4
core id		: 0
cpu cores	: 2
apicid		: 0
initial apicid	: 0
fpu		: yes
fpu_exception	: yes
cpuid level	: 13
wp		: yes
flags		: fpu vme de pse tsc msr pae mce cx8 apic sep mtrr pge mca cmov pat pse36 clflush dts acpi mmx fxsr sse sse2 ss ht tm pbe syscall nx pdpe1gb rdtscp lm constant_tsc arch_perfmon pebs bts rep_good nopl xtopology nonstop_tsc aperfmperf eagerfpu pni pclmulqdq dtes64 monitor ds_cpl vmx est tm2 ssse3 sdbg fma cx16 xtpr pdcm pcid sse4_1 sse4_2 movbe popcnt tsc_deadline_timer aes xsave avx f16c rdrand lahf_lm abm epb tpr_shadow vnmi flexpriority ept vpid fsgsbase tsc_adjust bmi1 avx2 smep bmi2 erms invpcid xsaveopt dtherm ida arat pln pts
bugs		:
bogomips	: 4589.16
clflush size	: 64
cache_alignment	: 64
address sizes	: 39 bits physical, 48 bits virtual
power management:

processor	: 1
vendor_id	: GenuineIntel
cpu family	: 6
model		: 69
model name	: Intel(R) Core(TM) i5-4200U CPU @ 1.60GHz
stepping	: 1
microcode	: 0x1d
cpu MHz		: 2300.000
cache size	: 3072 KB
physical id	: 0
siblings	: 4
core id		: 0
cpu cores	: 2
apicid		: 1
initial apicid	: 1
fpu		: yes
fpu_exception	: yes
cpuid level	: 13
wp		: yes
flags		: fpu vme de pse tsc msr pae mce cx8 apic sep mtrr pge mca cmov pat pse36 clflush dts acpi mmx fxsr sse sse2 ss ht tm pbe syscall nx pdpe1gb rdtscp lm constant_tsc arch_perfmon pebs bts rep_good nopl xtopology nonstop_tsc aperfmperf eagerfpu pni pclmulqdq dtes64 monitor ds_cpl vmx est tm2 ssse3 sdbg fma cx16 xtpr pdcm pcid sse4_1 sse4_2 movbe popcnt tsc_deadline_timer aes xsave avx f16c rdrand lahf_lm abm epb tpr_shadow vnmi flexpriority ept vpid fsgsbase tsc_adjust bmi1 avx2 smep bmi2 erms invpcid xsaveopt dtherm ida arat pln pts
bugs		:
bogomips	: 4589.16
clflush size	: 64
cache_alignment	: 64
address sizes	: 39 bits physical, 48 bits virtual
power management:

processor	: 2
vendor_id	: GenuineIntel
cpu family	: 6
model		: 69
model name	: Intel(R) Core(TM) i5-4200U CPU @ 1.60GHz
stepping	: 1
microcode	: 0x1d
cpu MHz		: 2300.000
cache size	: 3072 KB
physical id	: 0
siblings	: 4
core id		: 1
cpu cores	: 2
apicid		: 2
initial apicid	: 2
fpu		: yes
fpu_exception	: yes
cpuid level	: 13
wp		: yes
flags		: fpu vme de pse tsc msr pae mce cx8 apic sep mtrr pge mca cmov pat pse36 clflush dts acpi mmx fxsr sse sse2 ss ht tm pbe syscall nx pdpe1gb rdtscp lm constant_tsc arch_perfmon pebs bts rep_good nopl xtopology nonstop_tsc aperfmperf eagerfpu pni pclmulqdq dtes64 monitor ds_cpl vmx est tm2 ssse3 sdbg fma cx16 xtpr pdcm pcid sse4_1 sse4_2 movbe popcnt tsc_deadline_timer aes xsave avx f16c rdrand lahf_lm abm epb tpr_shadow vnmi flexpriority ept vpid fsgsbase tsc_adjust bmi1 avx2 smep bmi2 erms invpcid xsaveopt dtherm ida arat pln pts
bugs		:
bogomips	: 4589.16
clflush size	: 64
cache_alignment	: 64
address sizes	: 39 bits physical, 48 bits virtual
power management:

processor	: 3
vendor_id	: GenuineIntel
cpu family	: 6
model		: 69
model name	: Intel(R) Core(TM) i5-4200U CPU @ 1.60GHz
stepping	: 1
microcode	: 0x1d
cpu MHz		: 2299.910
cache size	: 3072 KB
physical id	: 0
siblings	: 4
core id		: 1
cpu cores	: 2
apicid		: 3
initial apicid	: 3
fpu		: yes
fpu_exception	: yes
cpuid level	: 13
wp		: yes
flags		: fpu vme de pse tsc msr pae mce cx8 apic sep mtrr pge mca cmov pat pse36 clflush dts acpi mmx fxsr sse sse2 ss ht tm pbe syscall nx pdpe1gb rdtscp lm constant_tsc arch_perfmon pebs bts rep_good nopl xtopology nonstop_tsc aperfmperf eagerfpu pni pclmulqdq dtes64 monitor ds_cpl vmx est tm2 ssse3 sdbg fma cx16 xtpr pdcm pcid sse4_1 sse4_2 movbe popcnt tsc_deadline_timer aes xsave avx f16c rdrand lahf_lm abm epb tpr_shadow vnmi flexpriority ept vpid fsgsbase tsc_adjust bmi1 avx2 smep bmi2 erms invpcid xsaveopt dtherm ida arat pln pts
bugs		:
bogomips	: 4589.16
clflush size	: 64
cache_alignment	: 64
address sizes	: 39 bits physical, 48 bits virtual
power management:



Memory: 4k page, physical 8056640k(360136k free), swap 0k(0k free)

vm_info: Java HotSpot(TM) 64-Bit Server VM (25.101-b13) for linux-amd64 JRE (1.8.0_101-b13), built on Jun 22 2016 02:59:44 by "java_re" with gcc 4.3.0 20080428 (Red Hat 4.3.0-8)

time: Sat Nov 12 01:40:24 2016
elapsed time: 670 seconds (0d 0h 11m 10s)

